<?xml version="1.0" encoding="UTF-8"?>
<!-- Generated by org.testng.reporters.JUnitReportReporter -->
<testsuite hostname="Kang" name="testcases.LoanPageTest" tests="3" failures="0" timestamp="28 Nov 2020 08:09:16 GMT" time="13.188" errors="0">
  <testcase name="verify_pagelogo" time="10.801" classname="testcases.LoanPageTest"/>
  <testcase name="verify_pagetitle" time="0.025" classname="testcases.LoanPageTest"/>
  <testcase name="verify_txtloanamount" time="2.362" classname="testcases.LoanPageTest"/>
</testsuite> <!-- testcases.LoanPageTest -->
