<?xml version="1.0" encoding="UTF-8"?>
<!-- Generated by org.testng.reporters.JUnitReportReporter -->
<testsuite hostname="Kang" name="testcases.PIITest" tests="1" failures="0" timestamp="28 Nov 2020 08:09:16 GMT" time="18.791" errors="0">
  <testcase name="verifyPIIDetails" time="18.791" classname="testcases.PIITest"/>
</testsuite> <!-- testcases.PIITest -->
