<?xml version="1.0" encoding="UTF-8"?>
<!-- Generated by org.testng.reporters.JUnitReportReporter -->
<testsuite hostname="Kang" name="testcases.BIITest" tests="1" failures="0" timestamp="27 Nov 2020 09:41:28 GMT" time="14.275" errors="0">
  <testcase name="verifySubmitLoanApplication" time="14.275" classname="testcases.BIITest"/>
</testsuite> <!-- testcases.BIITest -->
