<?xml version="1.0" encoding="UTF-8"?>
<!-- Generated by org.testng.reporters.JUnitReportReporter -->
<testsuite hostname="Kang" name="testcases.LoanPageTest" tests="3" failures="0" timestamp="27 Nov 2020 09:41:28 GMT" time="19.034" errors="0">
  <testcase name="verify_txtloanamount" time="8.803" classname="testcases.LoanPageTest"/>
  <testcase name="verify_pagetitle" time="0.033" classname="testcases.LoanPageTest"/>
  <testcase name="verify_pagelogo" time="10.198" classname="testcases.LoanPageTest"/>
</testsuite> <!-- testcases.LoanPageTest -->
