<?xml version="1.0" encoding="UTF-8"?>
<!-- Generated by org.testng.reporters.JUnitReportReporter -->
<testsuite hostname="Kang" name="testcases.BIITest" tests="1" failures="0" timestamp="28 Nov 2020 08:09:16 GMT" time="13.044" errors="0">
  <testcase name="verifySubmitLoanApplication" time="13.044" classname="testcases.BIITest"/>
</testsuite> <!-- testcases.BIITest -->
